Determining if the pthread_create exist failed with the following output:
Change Dir: /home/deadmarston/Workspace/pbrt-v3/CMakeFiles/CMakeTmp

Run Build Command:"/usr/bin/make" "cmTC_8c61b/fast"
/usr/bin/make -f CMakeFiles/cmTC_8c61b.dir/build.make CMakeFiles/cmTC_8c61b.dir/build
make[1]: Entering directory '/home/deadmarston/Workspace/pbrt-v3/CMakeFiles/CMakeTmp'
Building C object CMakeFiles/cmTC_8c61b.dir/CheckSymbolExists.c.o
/usr/bin/cc    -o CMakeFiles/cmTC_8c61b.dir/CheckSymbolExists.c.o   -c /home/deadmarston/Workspace/pbrt-v3/CMakeFiles/CMakeTmp/CheckSymbolExists.c
Linking C executable cmTC_8c61b
/usr/bin/cmake -E cmake_link_script CMakeFiles/cmTC_8c61b.dir/link.txt --verbose=1
/usr/bin/cc      -rdynamic CMakeFiles/cmTC_8c61b.dir/CheckSymbolExists.c.o  -o cmTC_8c61b 
CMakeFiles/cmTC_8c61b.dir/CheckSymbolExists.c.o: In function `main':
CheckSymbolExists.c:(.text+0x1b): undefined reference to `pthread_create'
collect2: error: ld returned 1 exit status
CMakeFiles/cmTC_8c61b.dir/build.make:97: recipe for target 'cmTC_8c61b' failed
make[1]: *** [cmTC_8c61b] Error 1
make[1]: Leaving directory '/home/deadmarston/Workspace/pbrt-v3/CMakeFiles/CMakeTmp'
Makefile:126: recipe for target 'cmTC_8c61b/fast' failed
make: *** [cmTC_8c61b/fast] Error 2

File /home/deadmarston/Workspace/pbrt-v3/CMakeFiles/CMakeTmp/CheckSymbolExists.c:
/* */
#include <pthread.h>

int main(int argc, char** argv)
{
  (void)argv;
#ifndef pthread_create
  return ((int*)(&pthread_create))[argc];
#else
  (void)argc;
  return 0;
#endif
}

Determining if the function pthread_create exists in the pthreads failed with the following output:
Change Dir: /home/deadmarston/Workspace/pbrt-v3/CMakeFiles/CMakeTmp

Run Build Command:"/usr/bin/make" "cmTC_f1e12/fast"
/usr/bin/make -f CMakeFiles/cmTC_f1e12.dir/build.make CMakeFiles/cmTC_f1e12.dir/build
make[1]: Entering directory '/home/deadmarston/Workspace/pbrt-v3/CMakeFiles/CMakeTmp'
Building C object CMakeFiles/cmTC_f1e12.dir/CheckFunctionExists.c.o
/usr/bin/cc   -DCHECK_FUNCTION_EXISTS=pthread_create   -o CMakeFiles/cmTC_f1e12.dir/CheckFunctionExists.c.o   -c /usr/share/cmake-3.10/Modules/CheckFunctionExists.c
Linking C executable cmTC_f1e12
/usr/bin/cmake -E cmake_link_script CMakeFiles/cmTC_f1e12.dir/link.txt --verbose=1
/usr/bin/cc  -DCHECK_FUNCTION_EXISTS=pthread_create    -rdynamic CMakeFiles/cmTC_f1e12.dir/CheckFunctionExists.c.o  -o cmTC_f1e12 -lpthreads 
/usr/bin/ld: cannot find -lpthreads
collect2: error: ld returned 1 exit status
CMakeFiles/cmTC_f1e12.dir/build.make:97: recipe for target 'cmTC_f1e12' failed
make[1]: *** [cmTC_f1e12] Error 1
make[1]: Leaving directory '/home/deadmarston/Workspace/pbrt-v3/CMakeFiles/CMakeTmp'
Makefile:126: recipe for target 'cmTC_f1e12/fast' failed
make: *** [cmTC_f1e12/fast] Error 2


Performing C++ SOURCE FILE Test HAVE_DECLSPEC_NOINLINE failed with the following output:
Change Dir: /home/deadmarston/Workspace/pbrt-v3/CMakeFiles/CMakeTmp

Run Build Command:"/usr/bin/make" "cmTC_5c9c5/fast"
/usr/bin/make -f CMakeFiles/cmTC_5c9c5.dir/build.make CMakeFiles/cmTC_5c9c5.dir/build
make[1]: Entering directory '/home/deadmarston/Workspace/pbrt-v3/CMakeFiles/CMakeTmp'
Building CXX object CMakeFiles/cmTC_5c9c5.dir/src.cxx.o
/usr/bin/c++    -std=gnu++11 -Wno-conversion-null -DHAVE_DECLSPEC_NOINLINE   -o CMakeFiles/cmTC_5c9c5.dir/src.cxx.o -c /home/deadmarston/Workspace/pbrt-v3/CMakeFiles/CMakeTmp/src.cxx
/home/deadmarston/Workspace/pbrt-v3/CMakeFiles/CMakeTmp/src.cxx:1:11: error: expected constructor, destructor, or type conversion before ‘(’ token
 __declspec(noinline) void foo() { }
           ^
CMakeFiles/cmTC_5c9c5.dir/build.make:65: recipe for target 'CMakeFiles/cmTC_5c9c5.dir/src.cxx.o' failed
make[1]: *** [CMakeFiles/cmTC_5c9c5.dir/src.cxx.o] Error 1
make[1]: Leaving directory '/home/deadmarston/Workspace/pbrt-v3/CMakeFiles/CMakeTmp'
Makefile:126: recipe for target 'cmTC_5c9c5/fast' failed
make: *** [cmTC_5c9c5/fast] Error 2

Source file was:
__declspec(noinline) void foo() { }
int main() { }
Performing C++ SOURCE FILE Test HAVE__ALIGNED_MALLOC failed with the following output:
Change Dir: /home/deadmarston/Workspace/pbrt-v3/CMakeFiles/CMakeTmp

Run Build Command:"/usr/bin/make" "cmTC_c25cd/fast"
/usr/bin/make -f CMakeFiles/cmTC_c25cd.dir/build.make CMakeFiles/cmTC_c25cd.dir/build
make[1]: Entering directory '/home/deadmarston/Workspace/pbrt-v3/CMakeFiles/CMakeTmp'
Building CXX object CMakeFiles/cmTC_c25cd.dir/src.cxx.o
/usr/bin/c++    -std=gnu++11 -Wno-conversion-null -DHAVE__ALIGNED_MALLOC   -o CMakeFiles/cmTC_c25cd.dir/src.cxx.o -c /home/deadmarston/Workspace/pbrt-v3/CMakeFiles/CMakeTmp/src.cxx
/home/deadmarston/Workspace/pbrt-v3/CMakeFiles/CMakeTmp/src.cxx: In function ‘int main()’:
/home/deadmarston/Workspace/pbrt-v3/CMakeFiles/CMakeTmp/src.cxx:3:27: error: ‘_aligned_malloc’ was not declared in this scope
 int main() { void * ptr = _aligned_malloc(1024, 32); }
                           ^~~~~~~~~~~~~~~
/home/deadmarston/Workspace/pbrt-v3/CMakeFiles/CMakeTmp/src.cxx:3:27: note: suggested alternative: ‘__builtin_malloc’
 int main() { void * ptr = _aligned_malloc(1024, 32); }
                           ^~~~~~~~~~~~~~~
                           __builtin_malloc
CMakeFiles/cmTC_c25cd.dir/build.make:65: recipe for target 'CMakeFiles/cmTC_c25cd.dir/src.cxx.o' failed
make[1]: *** [CMakeFiles/cmTC_c25cd.dir/src.cxx.o] Error 1
make[1]: Leaving directory '/home/deadmarston/Workspace/pbrt-v3/CMakeFiles/CMakeTmp'
Makefile:126: recipe for target 'cmTC_c25cd/fast' failed
make: *** [cmTC_c25cd/fast] Error 2

Source file was:

#include <malloc.h>
int main() { void * ptr = _aligned_malloc(1024, 32); }

Performing C++ SOURCE FILE Test HAVE_DECLSPEC_THREAD failed with the following output:
Change Dir: /home/deadmarston/Workspace/pbrt-v3/CMakeFiles/CMakeTmp

Run Build Command:"/usr/bin/make" "cmTC_6edce/fast"
/usr/bin/make -f CMakeFiles/cmTC_6edce.dir/build.make CMakeFiles/cmTC_6edce.dir/build
make[1]: Entering directory '/home/deadmarston/Workspace/pbrt-v3/CMakeFiles/CMakeTmp'
Building CXX object CMakeFiles/cmTC_6edce.dir/src.cxx.o
/usr/bin/c++    -std=gnu++11 -Wno-conversion-null -DHAVE_DECLSPEC_THREAD   -o CMakeFiles/cmTC_6edce.dir/src.cxx.o -c /home/deadmarston/Workspace/pbrt-v3/CMakeFiles/CMakeTmp/src.cxx
/home/deadmarston/Workspace/pbrt-v3/CMakeFiles/CMakeTmp/src.cxx:2:11: error: expected constructor, destructor, or type conversion before ‘(’ token
 __declspec(thread) int x; int main() { }
           ^
CMakeFiles/cmTC_6edce.dir/build.make:65: recipe for target 'CMakeFiles/cmTC_6edce.dir/src.cxx.o' failed
make[1]: *** [CMakeFiles/cmTC_6edce.dir/src.cxx.o] Error 1
make[1]: Leaving directory '/home/deadmarston/Workspace/pbrt-v3/CMakeFiles/CMakeTmp'
Makefile:126: recipe for target 'cmTC_6edce/fast' failed
make: *** [cmTC_6edce/fast] Error 2

Source file was:

__declspec(thread) int x; int main() { }

Determining if the include file libunwind.h exists failed with the following output:
Change Dir: /home/deadmarston/Workspace/pbrt-v3/CMakeFiles/CMakeTmp

Run Build Command:"/usr/bin/make" "cmTC_da53e/fast"
/usr/bin/make -f CMakeFiles/cmTC_da53e.dir/build.make CMakeFiles/cmTC_da53e.dir/build
make[1]: Entering directory '/home/deadmarston/Workspace/pbrt-v3/CMakeFiles/CMakeTmp'
Building C object CMakeFiles/cmTC_da53e.dir/CheckIncludeFile.c.o
/usr/bin/cc    -o CMakeFiles/cmTC_da53e.dir/CheckIncludeFile.c.o   -c /home/deadmarston/Workspace/pbrt-v3/CMakeFiles/CMakeTmp/CheckIncludeFile.c
/home/deadmarston/Workspace/pbrt-v3/CMakeFiles/CMakeTmp/CheckIncludeFile.c:1:10: fatal error: libunwind.h: No such file or directory
 #include <libunwind.h>
          ^~~~~~~~~~~~~
compilation terminated.
CMakeFiles/cmTC_da53e.dir/build.make:65: recipe for target 'CMakeFiles/cmTC_da53e.dir/CheckIncludeFile.c.o' failed
make[1]: *** [CMakeFiles/cmTC_da53e.dir/CheckIncludeFile.c.o] Error 1
make[1]: Leaving directory '/home/deadmarston/Workspace/pbrt-v3/CMakeFiles/CMakeTmp'
Makefile:126: recipe for target 'cmTC_da53e/fast' failed
make: *** [cmTC_da53e/fast] Error 2


Determining size of unsigned __int16 failed with the following output:
Change Dir: /home/deadmarston/Workspace/pbrt-v3/CMakeFiles/CMakeTmp

Run Build Command:"/usr/bin/make" "cmTC_36041/fast"
/usr/bin/make -f CMakeFiles/cmTC_36041.dir/build.make CMakeFiles/cmTC_36041.dir/build
make[1]: Entering directory '/home/deadmarston/Workspace/pbrt-v3/CMakeFiles/CMakeTmp'
Building C object CMakeFiles/cmTC_36041.dir/HAVE___UINT16.c.o
/usr/bin/cc    -o CMakeFiles/cmTC_36041.dir/HAVE___UINT16.c.o   -c /home/deadmarston/Workspace/pbrt-v3/CMakeFiles/CheckTypeSize/HAVE___UINT16.c
/home/deadmarston/Workspace/pbrt-v3/CMakeFiles/CheckTypeSize/HAVE___UINT16.c:23:31: error: expected ‘)’ before ‘__int16’
 #define SIZE (sizeof(unsigned __int16))
                               ^
/home/deadmarston/Workspace/pbrt-v3/CMakeFiles/CheckTypeSize/HAVE___UINT16.c:25:12: note: in expansion of macro ‘SIZE’
   ('0' + ((SIZE / 10000)%10)),
            ^~~~
/home/deadmarston/Workspace/pbrt-v3/CMakeFiles/CheckTypeSize/HAVE___UINT16.c:23:31: error: expected ‘)’ before ‘__int16’
 #define SIZE (sizeof(unsigned __int16))
                               ^
/home/deadmarston/Workspace/pbrt-v3/CMakeFiles/CheckTypeSize/HAVE___UINT16.c:26:12: note: in expansion of macro ‘SIZE’
   ('0' + ((SIZE / 1000)%10)),
            ^~~~
/home/deadmarston/Workspace/pbrt-v3/CMakeFiles/CheckTypeSize/HAVE___UINT16.c:23:31: error: expected ‘)’ before ‘__int16’
 #define SIZE (sizeof(unsigned __int16))
                               ^
/home/deadmarston/Workspace/pbrt-v3/CMakeFiles/CheckTypeSize/HAVE___UINT16.c:27:12: note: in expansion of macro ‘SIZE’
   ('0' + ((SIZE / 100)%10)),
            ^~~~
/home/deadmarston/Workspace/pbrt-v3/CMakeFiles/CheckTypeSize/HAVE___UINT16.c:23:31: error: expected ‘)’ before ‘__int16’
 #define SIZE (sizeof(unsigned __int16))
                               ^
/home/deadmarston/Workspace/pbrt-v3/CMakeFiles/CheckTypeSize/HAVE___UINT16.c:28:12: note: in expansion of macro ‘SIZE’
   ('0' + ((SIZE / 10)%10)),
            ^~~~
/home/deadmarston/Workspace/pbrt-v3/CMakeFiles/CheckTypeSize/HAVE___UINT16.c:23:31: error: expected ‘)’ before ‘__int16’
 #define SIZE (sizeof(unsigned __int16))
                               ^
/home/deadmarston/Workspace/pbrt-v3/CMakeFiles/CheckTypeSize/HAVE___UINT16.c:29:12: note: in expansion of macro ‘SIZE’
   ('0' +  (SIZE    % 10)),
            ^~~~
CMakeFiles/cmTC_36041.dir/build.make:65: recipe for target 'CMakeFiles/cmTC_36041.dir/HAVE___UINT16.c.o' failed
make[1]: *** [CMakeFiles/cmTC_36041.dir/HAVE___UINT16.c.o] Error 1
make[1]: Leaving directory '/home/deadmarston/Workspace/pbrt-v3/CMakeFiles/CMakeTmp'
Makefile:126: recipe for target 'cmTC_36041/fast' failed
make: *** [cmTC_36041/fast] Error 2

/home/deadmarston/Workspace/pbrt-v3/CMakeFiles/CheckTypeSize/HAVE___UINT16.c:
#include <sys/types.h>
#include <stdint.h>
#include <stddef.h>


#undef KEY
#if defined(__i386)
# define KEY '_','_','i','3','8','6'
#elif defined(__x86_64)
# define KEY '_','_','x','8','6','_','6','4'
#elif defined(__ppc__)
# define KEY '_','_','p','p','c','_','_'
#elif defined(__ppc64__)
# define KEY '_','_','p','p','c','6','4','_','_'
#elif defined(__aarch64__)
# define KEY '_','_','a','a','r','c','h','6','4','_','_'
#elif defined(__ARM_ARCH_7A__)
# define KEY '_','_','A','R','M','_','A','R','C','H','_','7','A','_','_'
#elif defined(__ARM_ARCH_7S__)
# define KEY '_','_','A','R','M','_','A','R','C','H','_','7','S','_','_'
#endif

#define SIZE (sizeof(unsigned __int16))
char info_size[] =  {'I', 'N', 'F', 'O', ':', 's','i','z','e','[',
  ('0' + ((SIZE / 10000)%10)),
  ('0' + ((SIZE / 1000)%10)),
  ('0' + ((SIZE / 100)%10)),
  ('0' + ((SIZE / 10)%10)),
  ('0' +  (SIZE    % 10)),
  ']',
#ifdef KEY
  ' ','k','e','y','[', KEY, ']',
#endif
  '\0'};

#ifdef __CLASSIC_C__
int main(argc, argv) int argc; char *argv[];
#else
int main(int argc, char *argv[])
#endif
{
  int require = 0;
  require += info_size[argc];
  (void)argv;
  return require;
}


Determining if the function dladdr exists failed with the following output:
Change Dir: /home/deadmarston/Workspace/pbrt-v3/CMakeFiles/CMakeTmp

Run Build Command:"/usr/bin/make" "cmTC_a0093/fast"
/usr/bin/make -f CMakeFiles/cmTC_a0093.dir/build.make CMakeFiles/cmTC_a0093.dir/build
make[1]: Entering directory '/home/deadmarston/Workspace/pbrt-v3/CMakeFiles/CMakeTmp'
Building C object CMakeFiles/cmTC_a0093.dir/CheckFunctionExists.c.o
/usr/bin/cc   -DCHECK_FUNCTION_EXISTS=dladdr   -o CMakeFiles/cmTC_a0093.dir/CheckFunctionExists.c.o   -c /usr/share/cmake-3.10/Modules/CheckFunctionExists.c
Linking C executable cmTC_a0093
/usr/bin/cmake -E cmake_link_script CMakeFiles/cmTC_a0093.dir/link.txt --verbose=1
/usr/bin/cc  -DCHECK_FUNCTION_EXISTS=dladdr    -rdynamic CMakeFiles/cmTC_a0093.dir/CheckFunctionExists.c.o  -o cmTC_a0093 
CMakeFiles/cmTC_a0093.dir/CheckFunctionExists.c.o: In function `main':
CheckFunctionExists.c:(.text+0x10): undefined reference to `dladdr'
collect2: error: ld returned 1 exit status
CMakeFiles/cmTC_a0093.dir/build.make:97: recipe for target 'cmTC_a0093' failed
make[1]: *** [cmTC_a0093] Error 1
make[1]: Leaving directory '/home/deadmarston/Workspace/pbrt-v3/CMakeFiles/CMakeTmp'
Makefile:126: recipe for target 'cmTC_a0093/fast' failed
make: *** [cmTC_a0093/fast] Error 2


Determining if the function get_static_proc_name exists in the unwind failed with the following output:
Change Dir: /home/deadmarston/Workspace/pbrt-v3/CMakeFiles/CMakeTmp

Run Build Command:"/usr/bin/make" "cmTC_bdeaa/fast"
/usr/bin/make -f CMakeFiles/cmTC_bdeaa.dir/build.make CMakeFiles/cmTC_bdeaa.dir/build
make[1]: Entering directory '/home/deadmarston/Workspace/pbrt-v3/CMakeFiles/CMakeTmp'
Building C object CMakeFiles/cmTC_bdeaa.dir/CheckFunctionExists.c.o
/usr/bin/cc   -DCHECK_FUNCTION_EXISTS=get_static_proc_name   -o CMakeFiles/cmTC_bdeaa.dir/CheckFunctionExists.c.o   -c /usr/share/cmake-3.10/Modules/CheckFunctionExists.c
Linking C executable cmTC_bdeaa
/usr/bin/cmake -E cmake_link_script CMakeFiles/cmTC_bdeaa.dir/link.txt --verbose=1
/usr/bin/cc  -DCHECK_FUNCTION_EXISTS=get_static_proc_name    -rdynamic CMakeFiles/cmTC_bdeaa.dir/CheckFunctionExists.c.o  -o cmTC_bdeaa -lunwind 
/usr/bin/ld: cannot find -lunwind
collect2: error: ld returned 1 exit status
CMakeFiles/cmTC_bdeaa.dir/build.make:97: recipe for target 'cmTC_bdeaa' failed
make[1]: *** [cmTC_bdeaa] Error 1
make[1]: Leaving directory '/home/deadmarston/Workspace/pbrt-v3/CMakeFiles/CMakeTmp'
Makefile:126: recipe for target 'cmTC_bdeaa/fast' failed
make: *** [cmTC_bdeaa/fast] Error 2


Performing C SOURCE FILE Test HAVE_RWLOCK failed with the following output:
Change Dir: /home/deadmarston/Workspace/pbrt-v3/CMakeFiles/CMakeTmp

Run Build Command:"/usr/bin/make" "cmTC_8111b/fast"
/usr/bin/make -f CMakeFiles/cmTC_8111b.dir/build.make CMakeFiles/cmTC_8111b.dir/build
make[1]: Entering directory '/home/deadmarston/Workspace/pbrt-v3/CMakeFiles/CMakeTmp'
Building C object CMakeFiles/cmTC_8111b.dir/src.c.o
/usr/bin/cc   -DHAVE_RWLOCK   -o CMakeFiles/cmTC_8111b.dir/src.c.o   -c /home/deadmarston/Workspace/pbrt-v3/CMakeFiles/CMakeTmp/src.c
Linking C executable cmTC_8111b
/usr/bin/cmake -E cmake_link_script CMakeFiles/cmTC_8111b.dir/link.txt --verbose=1
/usr/bin/cc  -DHAVE_RWLOCK    -rdynamic CMakeFiles/cmTC_8111b.dir/src.c.o  -o cmTC_8111b 
CMakeFiles/cmTC_8111b.dir/src.c.o: In function `main':
src.c:(.text+0x24): undefined reference to `pthread_rwlock_init'
src.c:(.text+0x30): undefined reference to `pthread_rwlock_rdlock'
collect2: error: ld returned 1 exit status
CMakeFiles/cmTC_8111b.dir/build.make:97: recipe for target 'cmTC_8111b' failed
make[1]: *** [cmTC_8111b] Error 1
make[1]: Leaving directory '/home/deadmarston/Workspace/pbrt-v3/CMakeFiles/CMakeTmp'
Makefile:126: recipe for target 'cmTC_8111b/fast' failed
make: *** [cmTC_8111b/fast] Error 2

Source file was:

#define _XOPEN_SOURCE 500
#include <pthread.h>
int main(void)
{
  pthread_rwlock_t l;
  pthread_rwlock_init(&l, NULL);
  pthread_rwlock_rdlock(&l);
  return 0;
}

Performing C SOURCE FILE Test HAVE___DECLSPEC failed with the following output:
Change Dir: /home/deadmarston/Workspace/pbrt-v3/CMakeFiles/CMakeTmp

Run Build Command:"/usr/bin/make" "cmTC_7ee5a/fast"
/usr/bin/make -f CMakeFiles/cmTC_7ee5a.dir/build.make CMakeFiles/cmTC_7ee5a.dir/build
make[1]: Entering directory '/home/deadmarston/Workspace/pbrt-v3/CMakeFiles/CMakeTmp'
Building C object CMakeFiles/cmTC_7ee5a.dir/src.c.o
/usr/bin/cc   -DHAVE___DECLSPEC   -o CMakeFiles/cmTC_7ee5a.dir/src.c.o   -c /home/deadmarston/Workspace/pbrt-v3/CMakeFiles/CMakeTmp/src.c
/home/deadmarston/Workspace/pbrt-v3/CMakeFiles/CMakeTmp/src.c:2:1: warning: return type defaults to ‘int’ [-Wimplicit-int]
 __declspec(selectany) int a;
 ^~~~~~~~~~
/home/deadmarston/Workspace/pbrt-v3/CMakeFiles/CMakeTmp/src.c: In function ‘__declspec’:
/home/deadmarston/Workspace/pbrt-v3/CMakeFiles/CMakeTmp/src.c:3:16: error: expected ‘=’, ‘,’, ‘;’, ‘asm’ or ‘__attribute__’ before ‘{’ token
 int main(void) { return 0; }
                ^
/home/deadmarston/Workspace/pbrt-v3/CMakeFiles/CMakeTmp/src.c:2:1: warning: type of ‘selectany’ defaults to ‘int’ [-Wimplicit-int]
 __declspec(selectany) int a;
 ^~~~~~~~~~
/home/deadmarston/Workspace/pbrt-v3/CMakeFiles/CMakeTmp/src.c:2:27: error: declaration for parameter ‘a’ but no such parameter
 __declspec(selectany) int a;
                           ^
/home/deadmarston/Workspace/pbrt-v3/CMakeFiles/CMakeTmp/src.c:3:16: error: expected ‘{’ at end of input
 int main(void) { return 0; }
                ^
CMakeFiles/cmTC_7ee5a.dir/build.make:65: recipe for target 'CMakeFiles/cmTC_7ee5a.dir/src.c.o' failed
make[1]: *** [CMakeFiles/cmTC_7ee5a.dir/src.c.o] Error 1
make[1]: Leaving directory '/home/deadmarston/Workspace/pbrt-v3/CMakeFiles/CMakeTmp'
Makefile:126: recipe for target 'cmTC_7ee5a/fast' failed
make: *** [cmTC_7ee5a/fast] Error 2

Source file was:

__declspec(selectany) int a;
int main(void) { return 0; }

Performing C++ SOURCE FILE Test STL_NO_NAMESPACE failed with the following output:
Change Dir: /home/deadmarston/Workspace/pbrt-v3/CMakeFiles/CMakeTmp

Run Build Command:"/usr/bin/make" "cmTC_df7a2/fast"
/usr/bin/make -f CMakeFiles/cmTC_df7a2.dir/build.make CMakeFiles/cmTC_df7a2.dir/build
make[1]: Entering directory '/home/deadmarston/Workspace/pbrt-v3/CMakeFiles/CMakeTmp'
Building CXX object CMakeFiles/cmTC_df7a2.dir/src.cxx.o
/usr/bin/c++    -std=gnu++11 -Wno-conversion-null -DSTL_NO_NAMESPACE   -o CMakeFiles/cmTC_df7a2.dir/src.cxx.o -c /home/deadmarston/Workspace/pbrt-v3/CMakeFiles/CMakeTmp/src.cxx
/home/deadmarston/Workspace/pbrt-v3/CMakeFiles/CMakeTmp/src.cxx:3:1: error: ‘vector’ does not name a type
 vector<int> t; int main() { }
 ^~~~~~
CMakeFiles/cmTC_df7a2.dir/build.make:65: recipe for target 'CMakeFiles/cmTC_df7a2.dir/src.cxx.o' failed
make[1]: *** [CMakeFiles/cmTC_df7a2.dir/src.cxx.o] Error 1
make[1]: Leaving directory '/home/deadmarston/Workspace/pbrt-v3/CMakeFiles/CMakeTmp'
Makefile:126: recipe for target 'cmTC_df7a2/fast' failed
make: *** [cmTC_df7a2/fast] Error 2

Source file was:

#include <vector>
vector<int> t; int main() { }

